<?xml version="1.0" encoding="UTF-8"?>
<!-- Generated by org.testng.reporters.JUnitXMLReporter -->
<testsuite hostname="Vibhor-Agarwal" ignored="1" tests="2" failures="1" timestamp="15 Jul 2019 09:45:32 GMT" time="139.564" errors="0">
  <testcase name="loginTest" time="134.889" classname="DemoTest">
    <skipped/>
  </testcase> <!-- loginTest -->
  <testcase name="loginTest" time="0.001" classname="DemoTest">
    <failure type="java.lang.IllegalArgumentException" message="wrong number of arguments">
      <![CDATA[java.lang.IllegalArgumentException: wrong number of arguments
... Removed 25 stack frames]]>
    </failure>
  </testcase> <!-- loginTest -->
  <testcase name="loginTest1" time="0.0" classname="DemoTest">
    <ignored/>
  </testcase> <!-- loginTest1 -->
</testsuite>
